Added Component: Designator=C1(CAPC1608L)
Added Component: Designator=C2(CAPC1608L)
Added Component: Designator=C3(CAPC1608L)
Added Component: Designator=D1(CD1608-0603)
Added Component: Designator=D2(CD1608-0603)
Added Component: Designator=D3(CD1608-0603)
Added Component: Designator=D4(CD1608-0603)
Added Component: Designator=D5(CD1608-0603)
Added Component: Designator=J1(MD-80SM)
Added Component: Designator=L1(6-0805_N)
Added Component: Designator=P1(Connector, Micro-USB, 5-pin - prototype)
Added Component: Designator=Q1(SOT23_N)
Added Component: Designator=R1(RESC1005L)
Added Component: Designator=R2(RESC1005L)
Added Component: Designator=R3(RESC1005L)
Added Component: Designator=R4(RESC1005L)
Added Component: Designator=R5(RESC1005L)
Added Component: Designator=R6(RESC1005L)
Added Component: Designator=R7(RESC1005L)
Added Component: Designator=SW1(JS202011)
Added Component: Designator=SW2(TactileButton_SMD)
Added Component: Designator=U1(SOIC127P1030-18M)
Added Component: Designator=U2(SOT23-3N)
Added Component: Designator=U3(SSOP-28_N)
Added Pin To Net: NetName=3V3 Pin=C2-2
Added Pin To Net: NetName=3V3 Pin=R5-1
Added Pin To Net: NetName=3V3 Pin=U2-3
Added Pin To Net: NetName=3V3 Pin=U3-4
Added Net: Name=3V3
Added Pin To Net: NetName=13V8 Pin=C1-2
Added Pin To Net: NetName=13V8 Pin=J1-1
Added Pin To Net: NetName=13V8 Pin=U2-2
Added Net: Name=13V8
Added Pin To Net: NetName=DATA Pin=R3-2
Added Pin To Net: NetName=DATA Pin=U1-16
Added Net: Name=DATA
Added Pin To Net: NetName=GND Pin=C1-1
Added Pin To Net: NetName=GND Pin=C2-1
Added Pin To Net: NetName=GND Pin=C3-1
Added Pin To Net: NetName=GND Pin=D1-2
Added Pin To Net: NetName=GND Pin=D2-2
Added Pin To Net: NetName=GND Pin=D3-2
Added Pin To Net: NetName=GND Pin=D4-2
Added Pin To Net: NetName=GND Pin=D5-2
Added Pin To Net: NetName=GND Pin=J1-3
Added Pin To Net: NetName=GND Pin=P1-5
Added Pin To Net: NetName=GND Pin=P1-6
Added Pin To Net: NetName=GND Pin=P1-6
Added Pin To Net: NetName=GND Pin=P1-6
Added Pin To Net: NetName=GND Pin=P1-6
Added Pin To Net: NetName=GND Pin=P1-6
Added Pin To Net: NetName=GND Pin=P1-6
Added Pin To Net: NetName=GND Pin=P1-9
Added Pin To Net: NetName=GND Pin=P1-10
Added Pin To Net: NetName=GND Pin=Q1-2
Added Pin To Net: NetName=GND Pin=SW1-3
Added Pin To Net: NetName=GND Pin=SW2-3
Added Pin To Net: NetName=GND Pin=SW2-4
Added Pin To Net: NetName=GND Pin=U1-5
Added Pin To Net: NetName=GND Pin=U2-1
Added Pin To Net: NetName=GND Pin=U3-7
Added Pin To Net: NetName=GND Pin=U3-18
Added Pin To Net: NetName=GND Pin=U3-21
Added Pin To Net: NetName=GND Pin=U3-25
Added Net: Name=GND
Added Pin To Net: NetName=NetC3_2 Pin=C3-2
Added Pin To Net: NetName=NetC3_2 Pin=L1-1
Added Pin To Net: NetName=NetC3_2 Pin=P1-1
Added Net: Name=NetC3_2
Added Pin To Net: NetName=NetD1_1 Pin=D1-1
Added Pin To Net: NetName=NetD1_1 Pin=R1-1
Added Net: Name=NetD1_1
Added Pin To Net: NetName=NetD2_1 Pin=D2-1
Added Pin To Net: NetName=NetD2_1 Pin=R2-1
Added Net: Name=NetD2_1
Added Pin To Net: NetName=NetD3_1 Pin=D3-1
Added Pin To Net: NetName=NetD3_1 Pin=R3-1
Added Net: Name=NetD3_1
Added Pin To Net: NetName=NetD4_1 Pin=D4-1
Added Pin To Net: NetName=NetD4_1 Pin=R4-1
Added Net: Name=NetD4_1
Added Pin To Net: NetName=NetD5_1 Pin=D5-1
Added Pin To Net: NetName=NetD5_1 Pin=R7-1
Added Net: Name=NetD5_1
Added Pin To Net: NetName=NetL1_2 Pin=L1-2
Added Pin To Net: NetName=NetL1_2 Pin=U3-20
Added Net: Name=NetL1_2
Added Pin To Net: NetName=NetP1_2 Pin=P1-2
Added Pin To Net: NetName=NetP1_2 Pin=U3-16
Added Net: Name=NetP1_2
Added Pin To Net: NetName=NetP1_3 Pin=P1-3
Added Pin To Net: NetName=NetP1_3 Pin=U3-15
Added Net: Name=NetP1_3
Added Pin To Net: NetName=NetQ1_1 Pin=Q1-1
Added Pin To Net: NetName=NetQ1_1 Pin=R6-1
Added Net: Name=NetQ1_1
Added Pin To Net: NetName=NetQ1_3 Pin=Q1-3
Added Pin To Net: NetName=NetQ1_3 Pin=R5-2
Added Pin To Net: NetName=NetQ1_3 Pin=U1-7
Added Net: Name=NetQ1_3
Added Pin To Net: NetName=NetR6_2 Pin=R6-2
Added Pin To Net: NetName=NetR6_2 Pin=U3-1
Added Net: Name=NetR6_2
Added Pin To Net: NetName=NetR7_2 Pin=R7-2
Added Pin To Net: NetName=NetR7_2 Pin=U1-10
Added Net: Name=NetR7_2
Added Pin To Net: NetName=NetSW1_2 Pin=SW1-2
Added Pin To Net: NetName=NetSW1_2 Pin=U1-13
Added Net: Name=NetSW1_2
Added Pin To Net: NetName=NetSW2_1 Pin=SW2-1
Added Pin To Net: NetName=NetSW2_1 Pin=SW2-2
Added Pin To Net: NetName=NetSW2_1 Pin=U1-12
Added Net: Name=NetSW2_1
Added Pin To Net: NetName=PTT Pin=R4-2
Added Pin To Net: NetName=PTT Pin=U1-15
Added Net: Name=PTT
Added Pin To Net: NetName=RXD Pin=J1-5
Added Pin To Net: NetName=RXD Pin=U1-8
Added Net: Name=RXD
Added Pin To Net: NetName=TXD Pin=J1-4
Added Net: Name=TXD
Added Pin To Net: NetName=UV Pin=R1-2
Added Pin To Net: NetName=UV Pin=U1-18
Added Net: Name=UV
Added Pin To Net: NetName=VU Pin=R2-2
Added Pin To Net: NetName=VU Pin=U1-17
Added Net: Name=VU
Added Class: Name=SatController_S1
Added Room: Name=SatController_S1
